<?xml version="1.0" encoding="UTF-8"?>
<testsuite xmlns:xsi="http://www.w3.org/2001/XMLSchema-instance" xsi:noNamespaceSchemaLocation="https://maven.apache.org/surefire/maven-surefire-plugin/xsd/surefire-test-report.xsd" version="3.0.2" name="com.example.pokemon.service.PokemonServiceTest" time="0.084" tests="4" errors="0" skipped="0" failures="0">
  <properties>
[...]
</properties>
  <testcase name="shouldRejectNullPokemonName" classname="com.example.pokemon.service.PokemonServiceTest" time="0.067"/>
  <testcase name="shouldRejectBlankPokemonName" classname="com.example.pokemon.service.PokemonServiceTest" time="0.0"/>
  <testcase name="shouldNormalizePokemonNameBeforeLookup" classname="com.example.pokemon.service.PokemonServiceTest" time="0.012"/>
  <testcase name="shouldPropagatePokemonNotFound" classname="com.example.pokemon.service.PokemonServiceTest" time="0.004"/>
</testsuite>